Using launch settings from C:\Users\DanielVillamizar\ContabilidadLAMAMedellin\scripts\..\src\Server\Properties\launchSettings.json...
info: Microsoft.EntityFrameworkCore.Database.Command[20101]
      Executed DbCommand (16ms) [Parameters=[], CommandType='Text', CommandTimeout='30']
      SELECT 1
info: Microsoft.EntityFrameworkCore.Database.Command[20101]
      Executed DbCommand (14ms) [Parameters=[], CommandType='Text', CommandTimeout='30']
      SELECT OBJECT_ID(N'[__EFMigrationsHistory]');
info: Microsoft.EntityFrameworkCore.Database.Command[20101]
      Executed DbCommand (1ms) [Parameters=[], CommandType='Text', CommandTimeout='30']
      SELECT 1
info: Microsoft.EntityFrameworkCore.Database.Command[20101]
      Executed DbCommand (0ms) [Parameters=[], CommandType='Text', CommandTimeout='30']
      SELECT OBJECT_ID(N'[__EFMigrationsHistory]');
info: Microsoft.EntityFrameworkCore.Database.Command[20101]
      Executed DbCommand (2ms) [Parameters=[], CommandType='Text', CommandTimeout='30']
      SELECT [MigrationId], [ProductVersion]
      FROM [__EFMigrationsHistory]
      ORDER BY [MigrationId];
info: Microsoft.EntityFrameworkCore.Migrations[20405]
      No migrations were applied. The database is already up to date.
info: Microsoft.EntityFrameworkCore.Database.Command[20101]
      Executed DbCommand (15ms) [Parameters=[], CommandType='Text', CommandTimeout='30']
      SELECT CASE
          WHEN EXISTS (
              SELECT 1
              FROM [Conceptos] AS [c]) THEN CAST(1 AS bit)
          ELSE CAST(0 AS bit)
      END
info: Microsoft.EntityFrameworkCore.Database.Command[20101]
      Executed DbCommand (3ms) [Parameters=[], CommandType='Text', CommandTimeout='30']
      SELECT CASE
          WHEN EXISTS (
              SELECT 1
              FROM [TasasCambio] AS [t]) THEN CAST(1 AS bit)
          ELSE CAST(0 AS bit)
      END
info: Microsoft.EntityFrameworkCore.Database.Command[20101]
      Executed DbCommand (3ms) [Parameters=[], CommandType='Text', CommandTimeout='30']
      SELECT CASE
          WHEN EXISTS (
              SELECT 1
              FROM [Miembros] AS [m]) THEN CAST(1 AS bit)
          ELSE CAST(0 AS bit)
      END
info: Microsoft.EntityFrameworkCore.Database.Command[20101]
      Executed DbCommand (5ms) [Parameters=[], CommandType='Text', CommandTimeout='30']
      SELECT CASE
          WHEN EXISTS (
              SELECT 1
              FROM [Recibos] AS [r]
              WHERE [r].[Ano] = 2025 AND [r].[Serie] = N'SI' AND [r].[Consecutivo] = 10) THEN CAST(1 AS bit)
          ELSE CAST(0 AS bit)
      END
✓ Histórico de tesorería octubre 2025 ya cargado
info: Microsoft.EntityFrameworkCore.Database.Command[20101]
      Executed DbCommand (2ms) [Parameters=[], CommandType='Text', CommandTimeout='30']
      SELECT CASE
          WHEN EXISTS (
              SELECT 1
              FROM [Productos] AS [p]) THEN CAST(1 AS bit)
          ELSE CAST(0 AS bit)
      END
info: Microsoft.EntityFrameworkCore.Database.Command[20101]
      Executed DbCommand (8ms) [Parameters=[], CommandType='Text', CommandTimeout='30']
      SELECT CASE
          WHEN EXISTS (
              SELECT 1
              FROM [VentasProductos] AS [v]
              WHERE [v].[NumeroVenta] = N'VENT-DEMO-001') THEN CAST(1 AS bit)
          ELSE CAST(0 AS bit)
      END
ℹ️ Logo ya existe en: C:\Users\DanielVillamizar\ContabilidadLAMAMedellin\src\Server\wwwroot\images\LogoLAMAMedellin.png
info: Microsoft.AspNetCore.DataProtection.KeyManagement.XmlKeyManager[63]
      User profile is available. Using 'C:\Users\DanielVillamizar\AppData\Local\ASP.NET\DataProtection-Keys' as key repository and Windows DPAPI to encrypt keys at rest.
info: Microsoft.EntityFrameworkCore.Database.Command[20101]
      Executed DbCommand (18ms) [Parameters=[@__normalizedName_0='?' (Size = 256)], CommandType='Text', CommandTimeout='30']
      SELECT TOP(1) [a].[Id], [a].[ConcurrencyStamp], [a].[Name], [a].[NormalizedName]
      FROM [AspNetRoles] AS [a]
      WHERE [a].[NormalizedName] = @__normalizedName_0
info: Microsoft.EntityFrameworkCore.Database.Command[20101]
      Executed DbCommand (1ms) [Parameters=[@__normalizedName_0='?' (Size = 256)], CommandType='Text', CommandTimeout='30']
      SELECT TOP(1) [a].[Id], [a].[ConcurrencyStamp], [a].[Name], [a].[NormalizedName]
      FROM [AspNetRoles] AS [a]
      WHERE [a].[NormalizedName] = @__normalizedName_0
info: Microsoft.EntityFrameworkCore.Database.Command[20101]
      Executed DbCommand (1ms) [Parameters=[@__normalizedName_0='?' (Size = 256)], CommandType='Text', CommandTimeout='30']
      SELECT TOP(1) [a].[Id], [a].[ConcurrencyStamp], [a].[Name], [a].[NormalizedName]
      FROM [AspNetRoles] AS [a]
      WHERE [a].[NormalizedName] = @__normalizedName_0
info: Microsoft.EntityFrameworkCore.Database.Command[20101]
      Executed DbCommand (1ms) [Parameters=[@__normalizedName_0='?' (Size = 256)], CommandType='Text', CommandTimeout='30']
      SELECT TOP(1) [a].[Id], [a].[ConcurrencyStamp], [a].[Name], [a].[NormalizedName]
      FROM [AspNetRoles] AS [a]
      WHERE [a].[NormalizedName] = @__normalizedName_0
info: Microsoft.EntityFrameworkCore.Database.Command[20101]
      Executed DbCommand (1ms) [Parameters=[@__normalizedName_0='?' (Size = 256)], CommandType='Text', CommandTimeout='30']
      SELECT TOP(1) [a].[Id], [a].[ConcurrencyStamp], [a].[Name], [a].[NormalizedName]
      FROM [AspNetRoles] AS [a]
      WHERE [a].[NormalizedName] = @__normalizedName_0
info: Microsoft.EntityFrameworkCore.Database.Command[20101]
      Executed DbCommand (0ms) [Parameters=[@__normalizedName_0='?' (Size = 256)], CommandType='Text', CommandTimeout='30']
      SELECT TOP(1) [a].[Id], [a].[ConcurrencyStamp], [a].[Name], [a].[NormalizedName]
      FROM [AspNetRoles] AS [a]
      WHERE [a].[NormalizedName] = @__normalizedName_0
info: Microsoft.EntityFrameworkCore.Database.Command[20101]
      Executed DbCommand (1ms) [Parameters=[@__normalizedName_0='?' (Size = 256)], CommandType='Text', CommandTimeout='30']
      SELECT TOP(1) [a].[Id], [a].[ConcurrencyStamp], [a].[Name], [a].[NormalizedName]
      FROM [AspNetRoles] AS [a]
      WHERE [a].[NormalizedName] = @__normalizedName_0
info: Microsoft.EntityFrameworkCore.Database.Command[20101]
      Executed DbCommand (0ms) [Parameters=[@__normalizedName_0='?' (Size = 256)], CommandType='Text', CommandTimeout='30']
      SELECT TOP(1) [a].[Id], [a].[ConcurrencyStamp], [a].[Name], [a].[NormalizedName]
      FROM [AspNetRoles] AS [a]
      WHERE [a].[NormalizedName] = @__normalizedName_0
info: Microsoft.EntityFrameworkCore.Database.Command[20101]
      Executed DbCommand (3ms) [Parameters=[@__normalizedEmail_0='?' (Size = 256)], CommandType='Text', CommandTimeout='30']
      SELECT TOP(2) [a].[Id], [a].[AccessFailedCount], [a].[ConcurrencyStamp], [a].[Email], [a].[EmailConfirmed], [a].[LockoutEnabled], [a].[LockoutEnd], [a].[NormalizedEmail], [a].[NormalizedUserName], [a].[PasswordHash], [a].[PhoneNumber], [a].[PhoneNumberConfirmed], [a].[SecurityStamp], [a].[TwoFactorEnabled], [a].[TwoFactorRequiredSince], [a].[UserName]
      FROM [AspNetUsers] AS [a]
      WHERE [a].[NormalizedEmail] = @__normalizedEmail_0
info: Microsoft.EntityFrameworkCore.Database.Command[20101]
      Executed DbCommand (4ms) [Parameters=[@__normalizedUserName_0='?' (Size = 256)], CommandType='Text', CommandTimeout='30']
      SELECT TOP(1) [a].[Id], [a].[AccessFailedCount], [a].[ConcurrencyStamp], [a].[Email], [a].[EmailConfirmed], [a].[LockoutEnabled], [a].[LockoutEnd], [a].[NormalizedEmail], [a].[NormalizedUserName], [a].[PasswordHash], [a].[PhoneNumber], [a].[PhoneNumberConfirmed], [a].[SecurityStamp], [a].[TwoFactorEnabled], [a].[TwoFactorRequiredSince], [a].[UserName]
      FROM [AspNetUsers] AS [a]
      WHERE [a].[NormalizedUserName] = @__normalizedUserName_0
info: Microsoft.EntityFrameworkCore.Database.Command[20101]
      Executed DbCommand (7ms) [Parameters=[@p15='?' (Size = 450), @p0='?' (DbType = Int32), @p1='?' (Size = 4000), @p16='?' (Size = 4000), @p2='?' (Size = 256), @p3='?' (DbType = Boolean), @p4='?' (DbType = Boolean), @p5='?' (DbType = DateTimeOffset), @p6='?' (Size = 256), @p7='?' (Size = 256), @p8='?' (Size = 4000), @p9='?' (Size = 4000), @p10='?' (DbType = Boolean), @p11='?' (Size = 4000), @p12='?' (DbType = Boolean), @p13='?' (DbType = DateTime2), @p14='?' (Size = 256)], CommandType='Text', CommandTimeout='30']
      SET IMPLICIT_TRANSACTIONS OFF;
      SET NOCOUNT ON;
      UPDATE [AspNetUsers] SET [AccessFailedCount] = @p0, [ConcurrencyStamp] = @p1, [Email] = @p2, [EmailConfirmed] = @p3, [LockoutEnabled] = @p4, [LockoutEnd] = @p5, [NormalizedEmail] = @p6, [NormalizedUserName] = @p7, [PasswordHash] = @p8, [PhoneNumber] = @p9, [PhoneNumberConfirmed] = @p10, [SecurityStamp] = @p11, [TwoFactorEnabled] = @p12, [TwoFactorRequiredSince] = @p13, [UserName] = @p14
      OUTPUT 1
      WHERE [Id] = @p15 AND [ConcurrencyStamp] = @p16;
info: Microsoft.EntityFrameworkCore.Database.Command[20101]
      Executed DbCommand (3ms) [Parameters=[@__normalizedRoleName_0='?' (Size = 256)], CommandType='Text', CommandTimeout='30']
      SELECT TOP(2) [a].[Id], [a].[ConcurrencyStamp], [a].[Name], [a].[NormalizedName]
      FROM [AspNetRoles] AS [a]
      WHERE [a].[NormalizedName] = @__normalizedRoleName_0
info: Microsoft.EntityFrameworkCore.Database.Command[20101]
      Executed DbCommand (2ms) [Parameters=[@__p_0='?' (Size = 450), @__p_1='?' (Size = 450)], CommandType='Text', CommandTimeout='30']
      SELECT TOP(1) [a].[UserId], [a].[RoleId]
      FROM [AspNetUserRoles] AS [a]
      WHERE [a].[UserId] = @__p_0 AND [a].[RoleId] = @__p_1
info: Microsoft.EntityFrameworkCore.Database.Command[20101]
      Executed DbCommand (1ms) [Parameters=[@__normalizedEmail_0='?' (Size = 256)], CommandType='Text', CommandTimeout='30']
      SELECT TOP(2) [a].[Id], [a].[AccessFailedCount], [a].[ConcurrencyStamp], [a].[Email], [a].[EmailConfirmed], [a].[LockoutEnabled], [a].[LockoutEnd], [a].[NormalizedEmail], [a].[NormalizedUserName], [a].[PasswordHash], [a].[PhoneNumber], [a].[PhoneNumberConfirmed], [a].[SecurityStamp], [a].[TwoFactorEnabled], [a].[TwoFactorRequiredSince], [a].[UserName]
      FROM [AspNetUsers] AS [a]
      WHERE [a].[NormalizedEmail] = @__normalizedEmail_0
info: Microsoft.EntityFrameworkCore.Database.Command[20101]
      Executed DbCommand (1ms) [Parameters=[@__normalizedUserName_0='?' (Size = 256)], CommandType='Text', CommandTimeout='30']
      SELECT TOP(1) [a].[Id], [a].[AccessFailedCount], [a].[ConcurrencyStamp], [a].[Email], [a].[EmailConfirmed], [a].[LockoutEnabled], [a].[LockoutEnd], [a].[NormalizedEmail], [a].[NormalizedUserName], [a].[PasswordHash], [a].[PhoneNumber], [a].[PhoneNumberConfirmed], [a].[SecurityStamp], [a].[TwoFactorEnabled], [a].[TwoFactorRequiredSince], [a].[UserName]
      FROM [AspNetUsers] AS [a]
      WHERE [a].[NormalizedUserName] = @__normalizedUserName_0
info: Microsoft.EntityFrameworkCore.Database.Command[20101]
      Executed DbCommand (1ms) [Parameters=[@p15='?' (Size = 450), @p0='?' (DbType = Int32), @p1='?' (Size = 4000), @p16='?' (Size = 4000), @p2='?' (Size = 256), @p3='?' (DbType = Boolean), @p4='?' (DbType = Boolean), @p5='?' (DbType = DateTimeOffset), @p6='?' (Size = 256), @p7='?' (Size = 256), @p8='?' (Size = 4000), @p9='?' (Size = 4000), @p10='?' (DbType = Boolean), @p11='?' (Size = 4000), @p12='?' (DbType = Boolean), @p13='?' (DbType = DateTime2), @p14='?' (Size = 256)], CommandType='Text', CommandTimeout='30']
      SET IMPLICIT_TRANSACTIONS OFF;
      SET NOCOUNT ON;
      UPDATE [AspNetUsers] SET [AccessFailedCount] = @p0, [ConcurrencyStamp] = @p1, [Email] = @p2, [EmailConfirmed] = @p3, [LockoutEnabled] = @p4, [LockoutEnd] = @p5, [NormalizedEmail] = @p6, [NormalizedUserName] = @p7, [PasswordHash] = @p8, [PhoneNumber] = @p9, [PhoneNumberConfirmed] = @p10, [SecurityStamp] = @p11, [TwoFactorEnabled] = @p12, [TwoFactorRequiredSince] = @p13, [UserName] = @p14
      OUTPUT 1
      WHERE [Id] = @p15 AND [ConcurrencyStamp] = @p16;
info: Microsoft.EntityFrameworkCore.Database.Command[20101]
      Executed DbCommand (0ms) [Parameters=[@__normalizedRoleName_0='?' (Size = 256)], CommandType='Text', CommandTimeout='30']
      SELECT TOP(2) [a].[Id], [a].[ConcurrencyStamp], [a].[Name], [a].[NormalizedName]
      FROM [AspNetRoles] AS [a]
      WHERE [a].[NormalizedName] = @__normalizedRoleName_0
info: Microsoft.EntityFrameworkCore.Database.Command[20101]
      Executed DbCommand (1ms) [Parameters=[@__p_0='?' (Size = 450), @__p_1='?' (Size = 450)], CommandType='Text', CommandTimeout='30']
      SELECT TOP(1) [a].[UserId], [a].[RoleId]
      FROM [AspNetUserRoles] AS [a]
      WHERE [a].[UserId] = @__p_0 AND [a].[RoleId] = @__p_1
info: Microsoft.EntityFrameworkCore.Database.Command[20101]
      Executed DbCommand (0ms) [Parameters=[@__normalizedEmail_0='?' (Size = 256)], CommandType='Text', CommandTimeout='30']
      SELECT TOP(2) [a].[Id], [a].[AccessFailedCount], [a].[ConcurrencyStamp], [a].[Email], [a].[EmailConfirmed], [a].[LockoutEnabled], [a].[LockoutEnd], [a].[NormalizedEmail], [a].[NormalizedUserName], [a].[PasswordHash], [a].[PhoneNumber], [a].[PhoneNumberConfirmed], [a].[SecurityStamp], [a].[TwoFactorEnabled], [a].[TwoFactorRequiredSince], [a].[UserName]
      FROM [AspNetUsers] AS [a]
      WHERE [a].[NormalizedEmail] = @__normalizedEmail_0
info: Microsoft.EntityFrameworkCore.Database.Command[20101]
      Executed DbCommand (1ms) [Parameters=[@__normalizedUserName_0='?' (Size = 256)], CommandType='Text', CommandTimeout='30']
      SELECT TOP(1) [a].[Id], [a].[AccessFailedCount], [a].[ConcurrencyStamp], [a].[Email], [a].[EmailConfirmed], [a].[LockoutEnabled], [a].[LockoutEnd], [a].[NormalizedEmail], [a].[NormalizedUserName], [a].[PasswordHash], [a].[PhoneNumber], [a].[PhoneNumberConfirmed], [a].[SecurityStamp], [a].[TwoFactorEnabled], [a].[TwoFactorRequiredSince], [a].[UserName]
      FROM [AspNetUsers] AS [a]
      WHERE [a].[NormalizedUserName] = @__normalizedUserName_0
info: Microsoft.EntityFrameworkCore.Database.Command[20101]
      Executed DbCommand (1ms) [Parameters=[@p15='?' (Size = 450), @p0='?' (DbType = Int32), @p1='?' (Size = 4000), @p16='?' (Size = 4000), @p2='?' (Size = 256), @p3='?' (DbType = Boolean), @p4='?' (DbType = Boolean), @p5='?' (DbType = DateTimeOffset), @p6='?' (Size = 256), @p7='?' (Size = 256), @p8='?' (Size = 4000), @p9='?' (Size = 4000), @p10='?' (DbType = Boolean), @p11='?' (Size = 4000), @p12='?' (DbType = Boolean), @p13='?' (DbType = DateTime2), @p14='?' (Size = 256)], CommandType='Text', CommandTimeout='30']
      SET IMPLICIT_TRANSACTIONS OFF;
      SET NOCOUNT ON;
      UPDATE [AspNetUsers] SET [AccessFailedCount] = @p0, [ConcurrencyStamp] = @p1, [Email] = @p2, [EmailConfirmed] = @p3, [LockoutEnabled] = @p4, [LockoutEnd] = @p5, [NormalizedEmail] = @p6, [NormalizedUserName] = @p7, [PasswordHash] = @p8, [PhoneNumber] = @p9, [PhoneNumberConfirmed] = @p10, [SecurityStamp] = @p11, [TwoFactorEnabled] = @p12, [TwoFactorRequiredSince] = @p13, [UserName] = @p14
      OUTPUT 1
      WHERE [Id] = @p15 AND [ConcurrencyStamp] = @p16;
info: Microsoft.EntityFrameworkCore.Database.Command[20101]
      Executed DbCommand (1ms) [Parameters=[@__normalizedRoleName_0='?' (Size = 256)], CommandType='Text', CommandTimeout='30']
      SELECT TOP(2) [a].[Id], [a].[ConcurrencyStamp], [a].[Name], [a].[NormalizedName]
      FROM [AspNetRoles] AS [a]
      WHERE [a].[NormalizedName] = @__normalizedRoleName_0
info: Microsoft.EntityFrameworkCore.Database.Command[20101]
      Executed DbCommand (1ms) [Parameters=[@__p_0='?' (Size = 450), @__p_1='?' (Size = 450)], CommandType='Text', CommandTimeout='30']
      SELECT TOP(1) [a].[UserId], [a].[RoleId]
      FROM [AspNetUserRoles] AS [a]
      WHERE [a].[UserId] = @__p_0 AND [a].[RoleId] = @__p_1
info: Microsoft.EntityFrameworkCore.Database.Command[20101]
      Executed DbCommand (1ms) [Parameters=[@__normalizedEmail_0='?' (Size = 256)], CommandType='Text', CommandTimeout='30']
      SELECT TOP(2) [a].[Id], [a].[AccessFailedCount], [a].[ConcurrencyStamp], [a].[Email], [a].[EmailConfirmed], [a].[LockoutEnabled], [a].[LockoutEnd], [a].[NormalizedEmail], [a].[NormalizedUserName], [a].[PasswordHash], [a].[PhoneNumber], [a].[PhoneNumberConfirmed], [a].[SecurityStamp], [a].[TwoFactorEnabled], [a].[TwoFactorRequiredSince], [a].[UserName]
      FROM [AspNetUsers] AS [a]
      WHERE [a].[NormalizedEmail] = @__normalizedEmail_0
✓ Seed completado exitosamente (producción: octubre 2025) - 2FASeed=OFF
🚀 Iniciando aplicación...
info: Microsoft.Hosting.Lifetime[14]
      Now listening on: http://localhost:5001
info: Microsoft.Hosting.Lifetime[0]
      Application started. Press Ctrl+C to shut down.
info: Microsoft.Hosting.Lifetime[0]
      Hosting environment: Development
info: Microsoft.Hosting.Lifetime[0]
      Content root path: C:\Users\DanielVillamizar\ContabilidadLAMAMedellin\src\Server
info: Microsoft.AspNetCore.Hosting.Diagnostics[1]
      Request starting HTTP/1.1 GET http://localhost:5001/Identity/Account/Login - - -
info: Microsoft.AspNetCore.OutputCaching.OutputCacheMiddleware[7]
      No cached response available for this request.
info: Microsoft.AspNetCore.Routing.EndpointMiddleware[0]
      Executing endpoint '/Account/Login'
info: Microsoft.AspNetCore.Mvc.RazorPages.Infrastructure.PageActionInvoker[103]
      Route matched with {page = "/Account/Login", area = "Identity", action = "", controller = ""}. Executing page /Account/Login
info: Microsoft.AspNetCore.Mvc.RazorPages.Infrastructure.PageActionInvoker[105]
      Executing handler method Server.Areas.Identity.Pages.Account.LoginModel.OnGetAsync - ModelState is Valid
info: Microsoft.AspNetCore.Authentication.Cookies.CookieAuthenticationHandler[11]
      AuthenticationScheme: Identity.External signed out.
info: Microsoft.AspNetCore.Mvc.RazorPages.Infrastructure.PageActionInvoker[108]
      Executed handler method OnGetAsync, returned result .
info: Microsoft.AspNetCore.Mvc.RazorPages.Infrastructure.PageActionInvoker[107]
      Executing an implicit handler method - ModelState is Valid
info: Microsoft.AspNetCore.Mvc.RazorPages.Infrastructure.PageActionInvoker[109]
      Executed an implicit handler method, returned result Microsoft.AspNetCore.Mvc.RazorPages.PageResult.
info: Microsoft.AspNetCore.Mvc.RazorPages.Infrastructure.PageActionInvoker[104]
      Executed page /Account/Login in 175.915ms
info: Microsoft.AspNetCore.Routing.EndpointMiddleware[1]
      Executed endpoint '/Account/Login'
info: Microsoft.AspNetCore.OutputCaching.OutputCacheMiddleware[9]
      The response could not be cached for this request.
info: Microsoft.AspNetCore.Hosting.Diagnostics[2]
      Request finished HTTP/1.1 GET http://localhost:5001/Identity/Account/Login - 200 - text/html;+charset=utf-8 299.0685ms
info: Microsoft.AspNetCore.Hosting.Diagnostics[1]
      Request starting HTTP/1.1 GET http://localhost:5001/Identity/Account/Login - - -
info: Microsoft.AspNetCore.OutputCaching.OutputCacheMiddleware[7]
      No cached response available for this request.
info: Microsoft.AspNetCore.Routing.EndpointMiddleware[0]
      Executing endpoint '/Account/Login'
info: Microsoft.AspNetCore.Mvc.RazorPages.Infrastructure.PageActionInvoker[103]
      Route matched with {page = "/Account/Login", area = "Identity", action = "", controller = ""}. Executing page /Account/Login
info: Microsoft.AspNetCore.Mvc.RazorPages.Infrastructure.PageActionInvoker[105]
      Executing handler method Server.Areas.Identity.Pages.Account.LoginModel.OnGetAsync - ModelState is Valid
info: Microsoft.AspNetCore.Authentication.Cookies.CookieAuthenticationHandler[11]
      AuthenticationScheme: Identity.External signed out.
info: Microsoft.AspNetCore.Mvc.RazorPages.Infrastructure.PageActionInvoker[108]
      Executed handler method OnGetAsync, returned result .
info: Microsoft.AspNetCore.Mvc.RazorPages.Infrastructure.PageActionInvoker[107]
      Executing an implicit handler method - ModelState is Valid
info: Microsoft.AspNetCore.Mvc.RazorPages.Infrastructure.PageActionInvoker[109]
      Executed an implicit handler method, returned result Microsoft.AspNetCore.Mvc.RazorPages.PageResult.
info: Microsoft.AspNetCore.Mvc.RazorPages.Infrastructure.PageActionInvoker[104]
      Executed page /Account/Login in 30.6325ms
info: Microsoft.AspNetCore.Routing.EndpointMiddleware[1]
      Executed endpoint '/Account/Login'
info: Microsoft.AspNetCore.OutputCaching.OutputCacheMiddleware[9]
      The response could not be cached for this request.
info: Microsoft.AspNetCore.Hosting.Diagnostics[2]
      Request finished HTTP/1.1 GET http://localhost:5001/Identity/Account/Login - 200 - text/html;+charset=utf-8 48.5320ms
info: Microsoft.AspNetCore.Hosting.Diagnostics[1]
      Request starting HTTP/1.1 GET http://localhost:5001/Identity/Account/Login - - -
info: Microsoft.AspNetCore.OutputCaching.OutputCacheMiddleware[7]
      No cached response available for this request.
info: Microsoft.AspNetCore.Routing.EndpointMiddleware[0]
      Executing endpoint '/Account/Login'
info: Microsoft.AspNetCore.Mvc.RazorPages.Infrastructure.PageActionInvoker[103]
      Route matched with {page = "/Account/Login", area = "Identity", action = "", controller = ""}. Executing page /Account/Login
info: Microsoft.AspNetCore.Mvc.RazorPages.Infrastructure.PageActionInvoker[105]
      Executing handler method Server.Areas.Identity.Pages.Account.LoginModel.OnGetAsync - ModelState is Valid
info: Microsoft.AspNetCore.Authentication.Cookies.CookieAuthenticationHandler[11]
      AuthenticationScheme: Identity.External signed out.
info: Microsoft.AspNetCore.Mvc.RazorPages.Infrastructure.PageActionInvoker[108]
      Executed handler method OnGetAsync, returned result .
info: Microsoft.AspNetCore.Mvc.RazorPages.Infrastructure.PageActionInvoker[107]
      Executing an implicit handler method - ModelState is Valid
info: Microsoft.AspNetCore.Mvc.RazorPages.Infrastructure.PageActionInvoker[109]
      Executed an implicit handler method, returned result Microsoft.AspNetCore.Mvc.RazorPages.PageResult.
info: Microsoft.AspNetCore.Mvc.RazorPages.Infrastructure.PageActionInvoker[104]
      Executed page /Account/Login in 17.1471ms
info: Microsoft.AspNetCore.Routing.EndpointMiddleware[1]
      Executed endpoint '/Account/Login'
info: Microsoft.AspNetCore.OutputCaching.OutputCacheMiddleware[9]
      The response could not be cached for this request.
info: Microsoft.AspNetCore.Hosting.Diagnostics[2]
      Request finished HTTP/1.1 GET http://localhost:5001/Identity/Account/Login - 200 - text/html;+charset=utf-8 22.8310ms
info: Microsoft.AspNetCore.Hosting.Diagnostics[1]
      Request starting HTTP/1.1 GET http://localhost:5001/lib/bootstrap/dist/css/bootstrap.css - - -
info: Microsoft.AspNetCore.Hosting.Diagnostics[1]
      Request starting HTTP/1.1 GET http://localhost:5001/css/site.css - - -
info: Microsoft.AspNetCore.Hosting.Diagnostics[1]
      Request starting HTTP/1.1 GET http://localhost:5001/lib/bootstrap/dist/js/bootstrap.bundle.js - - -
info: Microsoft.AspNetCore.OutputCaching.OutputCacheMiddleware[7]
      No cached response available for this request.
info: Microsoft.AspNetCore.OutputCaching.OutputCacheMiddleware[9]
      The response could not be cached for this request.
info: Microsoft.AspNetCore.Hosting.Diagnostics[2]
      Request finished HTTP/1.1 GET http://localhost:5001/lib/bootstrap/dist/js/bootstrap.bundle.js - 404 0 - 3.6992ms
info: Microsoft.AspNetCore.Hosting.Diagnostics[16]
      Request reached the end of the middleware pipeline without being handled by application code. Request path: GET http://localhost:5001/lib/bootstrap/dist/js/bootstrap.bundle.js, Response status code: 404
info: Microsoft.AspNetCore.Hosting.Diagnostics[1]
      Request starting HTTP/1.1 GET http://localhost:5001/lib/jquery/dist/jquery.js - - -
info: Microsoft.AspNetCore.Hosting.Diagnostics[1]
      Request starting HTTP/1.1 GET http://localhost:5001/js/site.js?v=21nnXLC8tU3fbkb0PhdcQnOexd8b_cbSQKRZjcg1rGo - - -
info: Microsoft.AspNetCore.Hosting.Diagnostics[1]
      Request starting HTTP/1.1 GET http://localhost:5001/Identity/lib/jquery-validation/dist/jquery.validate.js - - -
info: Microsoft.AspNetCore.StaticFiles.StaticFileMiddleware[2]
      Sending file. Request path: '/js/site.js'. Physical path: 'C:\Users\DanielVillamizar\ContabilidadLAMAMedellin\src\Server\wwwroot\js\site.js'
info: Microsoft.AspNetCore.StaticFiles.StaticFileMiddleware[2]
      Sending file. Request path: '/css/site.css'. Physical path: 'C:\Users\DanielVillamizar\ContabilidadLAMAMedellin\src\Server\wwwroot\css\site.css'
info: Microsoft.AspNetCore.Hosting.Diagnostics[2]
      Request finished HTTP/1.1 GET http://localhost:5001/css/site.css - 200 - text/css 18.0355ms
info: Microsoft.AspNetCore.Hosting.Diagnostics[2]
      Request finished HTTP/1.1 GET http://localhost:5001/js/site.js?v=21nnXLC8tU3fbkb0PhdcQnOexd8b_cbSQKRZjcg1rGo - 200 - text/javascript 4.7225ms
info: Microsoft.AspNetCore.StaticFiles.StaticFileMiddleware[2]
      Sending file. Request path: '/Identity/lib/jquery-validation/dist/jquery.validate.js'. Physical path: 'C:\Users\DanielVillamizar\.nuget\packages\microsoft.aspnetcore.identity.ui\8.0.0\staticwebassets\V5\lib\jquery-validation\dist\jquery.validate.js'
info: Microsoft.AspNetCore.Hosting.Diagnostics[2]
      Request finished HTTP/1.1 GET http://localhost:5001/Identity/lib/jquery-validation/dist/jquery.validate.js - 200 - text/javascript 3.2460ms
info: Microsoft.AspNetCore.Hosting.Diagnostics[1]
      Request starting HTTP/1.1 GET http://localhost:5001/Identity/lib/jquery-validation-unobtrusive/jquery.validate.unobtrusive.js - - -
info: Microsoft.AspNetCore.StaticFiles.StaticFileMiddleware[2]
      Sending file. Request path: '/Identity/lib/jquery-validation-unobtrusive/jquery.validate.unobtrusive.js'. Physical path: 'C:\Users\DanielVillamizar\.nuget\packages\microsoft.aspnetcore.identity.ui\8.0.0\staticwebassets\V5\lib\jquery-validation-unobtrusive\jquery.validate.unobtrusive.js'
info: Microsoft.AspNetCore.Hosting.Diagnostics[2]
      Request finished HTTP/1.1 GET http://localhost:5001/Identity/lib/jquery-validation-unobtrusive/jquery.validate.unobtrusive.js - 200 - text/javascript 1.9706ms
info: Microsoft.AspNetCore.StaticFiles.StaticFileMiddleware[2]
      Sending file. Request path: '/lib/jquery/dist/jquery.js'. Physical path: 'C:\Users\DanielVillamizar\ContabilidadLAMAMedellin\src\Server\wwwroot\lib\jquery\dist\jquery.js'
info: Microsoft.AspNetCore.StaticFiles.StaticFileMiddleware[2]
      Sending file. Request path: '/lib/bootstrap/dist/css/bootstrap.css'. Physical path: 'C:\Users\DanielVillamizar\ContabilidadLAMAMedellin\src\Server\wwwroot\lib\bootstrap\dist\css\bootstrap.css'
info: Microsoft.AspNetCore.Hosting.Diagnostics[2]
      Request finished HTTP/1.1 GET http://localhost:5001/lib/bootstrap/dist/css/bootstrap.css - 200 - text/css 46.1580ms
info: Microsoft.AspNetCore.Hosting.Diagnostics[2]
      Request finished HTTP/1.1 GET http://localhost:5001/lib/jquery/dist/jquery.js - 200 - text/javascript 26.5231ms
info: Microsoft.AspNetCore.Hosting.Diagnostics[1]
      Request starting HTTP/1.1 POST http://localhost:5001/Identity/Account/Login - application/x-www-form-urlencoded 278
info: Microsoft.AspNetCore.Routing.EndpointMiddleware[0]
      Executing endpoint '/Account/Login'
info: Microsoft.AspNetCore.Mvc.RazorPages.Infrastructure.PageActionInvoker[103]
      Route matched with {page = "/Account/Login", area = "Identity", action = "", controller = ""}. Executing page /Account/Login
info: Microsoft.AspNetCore.Mvc.RazorPages.Infrastructure.PageActionInvoker[105]
      Executing handler method Server.Areas.Identity.Pages.Account.LoginModel.OnPostAsync - ModelState is Valid
info: Microsoft.EntityFrameworkCore.Database.Command[20101]
      Executed DbCommand (182ms) [Parameters=[@__normalizedUserName_0='?' (Size = 256)], CommandType='Text', CommandTimeout='30']
      SELECT TOP(1) [a].[Id], [a].[AccessFailedCount], [a].[ConcurrencyStamp], [a].[Email], [a].[EmailConfirmed], [a].[LockoutEnabled], [a].[LockoutEnd], [a].[NormalizedEmail], [a].[NormalizedUserName], [a].[PasswordHash], [a].[PhoneNumber], [a].[PhoneNumberConfirmed], [a].[SecurityStamp], [a].[TwoFactorEnabled], [a].[TwoFactorRequiredSince], [a].[UserName]
      FROM [AspNetUsers] AS [a]
      WHERE [a].[NormalizedUserName] = @__normalizedUserName_0
info: Microsoft.EntityFrameworkCore.Database.Command[20101]
      Executed DbCommand (22ms) [Parameters=[@__user_Id_0='?' (Size = 450)], CommandType='Text', CommandTimeout='30']
      SELECT [a].[Id], [a].[ClaimType], [a].[ClaimValue], [a].[UserId]
      FROM [AspNetUserClaims] AS [a]
      WHERE [a].[UserId] = @__user_Id_0
info: Microsoft.EntityFrameworkCore.Database.Command[20101]
      Executed DbCommand (17ms) [Parameters=[@__userId_0='?' (Size = 450)], CommandType='Text', CommandTimeout='30']
      SELECT [a0].[Name]
      FROM [AspNetUserRoles] AS [a]
      INNER JOIN [AspNetRoles] AS [a0] ON [a].[RoleId] = [a0].[Id]
      WHERE [a].[UserId] = @__userId_0
info: Microsoft.EntityFrameworkCore.Database.Command[20101]
      Executed DbCommand (9ms) [Parameters=[@__normalizedName_0='?' (Size = 256)], CommandType='Text', CommandTimeout='30']
      SELECT TOP(1) [a].[Id], [a].[ConcurrencyStamp], [a].[Name], [a].[NormalizedName]
      FROM [AspNetRoles] AS [a]
      WHERE [a].[NormalizedName] = @__normalizedName_0
info: Microsoft.EntityFrameworkCore.Database.Command[20101]
      Executed DbCommand (5ms) [Parameters=[@__role_Id_0='?' (Size = 450)], CommandType='Text', CommandTimeout='30']
      SELECT [a].[ClaimType], [a].[ClaimValue]
      FROM [AspNetRoleClaims] AS [a]
      WHERE [a].[RoleId] = @__role_Id_0
info: Microsoft.AspNetCore.Authentication.Cookies.CookieAuthenticationHandler[10]
      AuthenticationScheme: Identity.Application signed in.
info: Server.Areas.Identity.Pages.Account.LoginModel[0]
      User logged in.
info: Microsoft.AspNetCore.Mvc.RazorPages.Infrastructure.PageActionInvoker[108]
      Executed handler method OnPostAsync, returned result Microsoft.AspNetCore.Mvc.LocalRedirectResult.
info: Microsoft.AspNetCore.Mvc.Infrastructure.LocalRedirectResultExecutor[1]
      Executing LocalRedirectResult, redirecting to /.
info: Microsoft.AspNetCore.Mvc.RazorPages.Infrastructure.PageActionInvoker[104]
      Executed page /Account/Login in 821.4608ms
info: Microsoft.AspNetCore.Routing.EndpointMiddleware[1]
      Executed endpoint '/Account/Login'
info: Microsoft.AspNetCore.Hosting.Diagnostics[2]
      Request finished HTTP/1.1 POST http://localhost:5001/Identity/Account/Login - 302 0 - 831.3097ms
info: Microsoft.AspNetCore.Hosting.Diagnostics[1]
      Request starting HTTP/1.1 GET http://localhost:5001/ - - -
info: Microsoft.AspNetCore.OutputCaching.OutputCacheMiddleware[7]
      No cached response available for this request.
info: Microsoft.AspNetCore.Routing.EndpointMiddleware[0]
      Executing endpoint '/_Host'
info: Microsoft.AspNetCore.Mvc.RazorPages.Infrastructure.PageActionInvoker[103]
      Route matched with {page = "/_Host", action = "", controller = "", area = ""}. Executing page /_Host
info: Microsoft.AspNetCore.Mvc.RazorPages.Infrastructure.PageActionInvoker[107]
      Executing an implicit handler method - ModelState is Valid
info: Microsoft.AspNetCore.Mvc.RazorPages.Infrastructure.PageActionInvoker[109]
      Executed an implicit handler method, returned result Microsoft.AspNetCore.Mvc.RazorPages.PageResult.
info: Microsoft.AspNetCore.Mvc.RazorPages.Infrastructure.PageActionInvoker[104]
      Executed page /_Host in 215.0121ms
info: Microsoft.AspNetCore.Routing.EndpointMiddleware[1]
      Executed endpoint '/_Host'
info: Microsoft.AspNetCore.OutputCaching.OutputCacheMiddleware[8]
      The response has been cached.
info: Microsoft.AspNetCore.Hosting.Diagnostics[1]
      Request starting HTTP/1.1 GET http://localhost:5001/_content/MudBlazor/MudBlazor.min.css - - -
info: Microsoft.AspNetCore.Hosting.Diagnostics[1]
      Request starting HTTP/1.1 GET http://localhost:5001/css/app.css - - -
info: Microsoft.AspNetCore.Hosting.Diagnostics[2]
      Request finished HTTP/1.1 GET http://localhost:5001/ - 200 - text/html;+charset=utf-8 246.0629ms
info: Microsoft.AspNetCore.StaticFiles.StaticFileMiddleware[2]
      Sending file. Request path: '/css/app.css'. Physical path: 'C:\Users\DanielVillamizar\ContabilidadLAMAMedellin\src\Server\wwwroot\css\app.css'
info: Microsoft.AspNetCore.Hosting.Diagnostics[2]
      Request finished HTTP/1.1 GET http://localhost:5001/css/app.css - 200 - text/css 1.0189ms
info: Microsoft.AspNetCore.Hosting.Diagnostics[1]
      Request starting HTTP/1.1 GET http://localhost:5001/js/site.js - - -
info: Microsoft.AspNetCore.Hosting.Diagnostics[1]
      Request starting HTTP/1.1 GET http://localhost:5001/css/modern-theme.css - - -
info: Microsoft.AspNetCore.StaticFiles.StaticFileMiddleware[2]
      Sending file. Request path: '/js/site.js'. Physical path: 'C:\Users\DanielVillamizar\ContabilidadLAMAMedellin\src\Server\wwwroot\js\site.js'
info: Microsoft.AspNetCore.Hosting.Diagnostics[2]
      Request finished HTTP/1.1 GET http://localhost:5001/js/site.js - 200 - text/javascript 1.4045ms
info: Microsoft.AspNetCore.StaticFiles.StaticFileMiddleware[2]
      Sending file. Request path: '/css/modern-theme.css'. Physical path: 'C:\Users\DanielVillamizar\ContabilidadLAMAMedellin\src\Server\wwwroot\css\modern-theme.css'
info: Microsoft.AspNetCore.Hosting.Diagnostics[2]
      Request finished HTTP/1.1 GET http://localhost:5001/css/modern-theme.css - 200 - text/css 1.3198ms
info: Microsoft.AspNetCore.Hosting.Diagnostics[1]
      Request starting HTTP/1.1 GET http://localhost:5001/js/charts.js - - -
info: Microsoft.AspNetCore.Hosting.Diagnostics[1]
      Request starting HTTP/1.1 GET http://localhost:5001/_content/MudBlazor/MudBlazor.min.js - - -
info: Microsoft.AspNetCore.StaticFiles.StaticFileMiddleware[2]
      Sending file. Request path: '/js/charts.js'. Physical path: 'C:\Users\DanielVillamizar\ContabilidadLAMAMedellin\src\Server\wwwroot\js\charts.js'
info: Microsoft.AspNetCore.Hosting.Diagnostics[2]
      Request finished HTTP/1.1 GET http://localhost:5001/js/charts.js - 200 - text/javascript 0.8261ms
info: Microsoft.AspNetCore.StaticFiles.StaticFileMiddleware[2]
      Sending file. Request path: '/_content/MudBlazor/MudBlazor.min.js'. Physical path: 'C:\Users\DanielVillamizar\.nuget\packages\mudblazor\7.4.0\staticwebassets\MudBlazor.min.js'
info: Microsoft.AspNetCore.Hosting.Diagnostics[2]
      Request finished HTTP/1.1 GET http://localhost:5001/_content/MudBlazor/MudBlazor.min.js - 200 - text/javascript 3.9324ms
info: Microsoft.AspNetCore.Hosting.Diagnostics[1]
      Request starting HTTP/1.1 GET http://localhost:5001/_framework/blazor.server.js - - -
info: Microsoft.AspNetCore.OutputCaching.OutputCacheMiddleware[7]
      No cached response available for this request.
info: Microsoft.AspNetCore.Routing.EndpointMiddleware[0]
      Executing endpoint 'Blazor static files'
info: Microsoft.AspNetCore.StaticFiles.StaticFileMiddleware[2]
      Sending file. Request path: '/_content/MudBlazor/MudBlazor.min.css'. Physical path: 'C:\Users\DanielVillamizar\.nuget\packages\mudblazor\7.4.0\staticwebassets\MudBlazor.min.css'
info: Microsoft.AspNetCore.Hosting.Diagnostics[2]
      Request finished HTTP/1.1 GET http://localhost:5001/_content/MudBlazor/MudBlazor.min.css - 200 - text/css 22.3890ms
info: Microsoft.AspNetCore.StaticFiles.StaticFileMiddleware[2]
      Sending file. Request path: '/_framework/blazor.server.js'. Physical path: 'N/A'
info: Microsoft.AspNetCore.Routing.EndpointMiddleware[1]
      Executed endpoint 'Blazor static files'
info: Microsoft.AspNetCore.OutputCaching.OutputCacheMiddleware[8]
      The response has been cached.
info: Microsoft.AspNetCore.Hosting.Diagnostics[2]
      Request finished HTTP/1.1 GET http://localhost:5001/_framework/blazor.server.js - 200 - text/javascript 12.0599ms
info: Microsoft.AspNetCore.Hosting.Diagnostics[1]
      Request starting HTTP/1.1 GET http://localhost:5001/_blazor/initializers - - -
info: Microsoft.AspNetCore.OutputCaching.OutputCacheMiddleware[7]
      No cached response available for this request.
info: Microsoft.AspNetCore.Routing.EndpointMiddleware[0]
      Executing endpoint 'Blazor initializers'
info: Microsoft.AspNetCore.Routing.EndpointMiddleware[1]
      Executed endpoint 'Blazor initializers'
info: Microsoft.AspNetCore.OutputCaching.OutputCacheMiddleware[8]
      The response has been cached.
info: Microsoft.AspNetCore.Hosting.Diagnostics[2]
      Request finished HTTP/1.1 GET http://localhost:5001/_blazor/initializers - 200 - application/json;+charset=utf-8 21.2899ms
info: Microsoft.AspNetCore.Hosting.Diagnostics[1]
      Request starting HTTP/1.1 POST http://localhost:5001/_blazor/negotiate?negotiateVersion=1 - - 0
info: Microsoft.AspNetCore.Routing.EndpointMiddleware[0]
      Executing endpoint '/_blazor/negotiate'
info: Microsoft.AspNetCore.Routing.EndpointMiddleware[1]
      Executed endpoint '/_blazor/negotiate'
info: Microsoft.AspNetCore.Hosting.Diagnostics[2]
      Request finished HTTP/1.1 POST http://localhost:5001/_blazor/negotiate?negotiateVersion=1 - 200 - application/json 17.9508ms
info: Microsoft.AspNetCore.Hosting.Diagnostics[1]
      Request starting HTTP/1.1 GET http://localhost:5001/_blazor?id=tDAE68Spy82-KUPulCXVZw - - -
info: Microsoft.AspNetCore.OutputCaching.OutputCacheMiddleware[7]
      No cached response available for this request.
info: Microsoft.AspNetCore.Routing.EndpointMiddleware[0]
      Executing endpoint '/_blazor'
info: Microsoft.EntityFrameworkCore.Database.Command[20101]
      Executed DbCommand (70ms) [Parameters=[@__userId_0='?' (Size = 450)], CommandType='Text', CommandTimeout='30']
      SELECT TOP(1) [a].[Id], [a].[AccessFailedCount], [a].[ConcurrencyStamp], [a].[Email], [a].[EmailConfirmed], [a].[LockoutEnabled], [a].[LockoutEnd], [a].[NormalizedEmail], [a].[NormalizedUserName], [a].[PasswordHash], [a].[PhoneNumber], [a].[PhoneNumberConfirmed], [a].[SecurityStamp], [a].[TwoFactorEnabled], [a].[TwoFactorRequiredSince], [a].[UserName]
      FROM [AspNetUsers] AS [a]
      WHERE [a].[Id] = @__userId_0
info: Microsoft.EntityFrameworkCore.Database.Command[20101]
      Executed DbCommand (8ms) [Parameters=[], CommandType='Text', CommandTimeout='30']
      SELECT COUNT(*)
      FROM [Miembros] AS [m]
      WHERE [m].[Estado] = 1
info: Microsoft.AspNetCore.Hosting.Diagnostics[1]
      Request starting HTTP/1.1 GET http://localhost:5001/images/avatar-default.png - - -
info: Microsoft.AspNetCore.StaticFiles.StaticFileMiddleware[2]
      Sending file. Request path: '/images/avatar-default.png'. Physical path: 'C:\Users\DanielVillamizar\ContabilidadLAMAMedellin\src\Server\wwwroot\images\avatar-default.png'
info: Microsoft.AspNetCore.Hosting.Diagnostics[2]
      Request finished HTTP/1.1 GET http://localhost:5001/images/avatar-default.png - 200 43925 image/png 3.7464ms
info: Microsoft.AspNetCore.Hosting.Diagnostics[1]
      Request starting HTTP/1.1 GET http://localhost:5001/images/LogoLAMAMedellin.png - - -
info: Microsoft.EntityFrameworkCore.Database.Command[20101]
      Executed DbCommand (144ms) [Parameters=[@__startOfMonth_0='?' (DbType = DateTime2)], CommandType='Text', CommandTimeout='30']
      SELECT COUNT(*)
      FROM [Miembros] AS [m]
      WHERE [m].[Estado] = 1 AND [m].[CreatedAt] < @__startOfMonth_0
info: Microsoft.AspNetCore.StaticFiles.StaticFileMiddleware[2]
      Sending file. Request path: '/images/LogoLAMAMedellin.png'. Physical path: 'C:\Users\DanielVillamizar\ContabilidadLAMAMedellin\src\Server\wwwroot\images\LogoLAMAMedellin.png'
info: Microsoft.AspNetCore.Hosting.Diagnostics[2]
      Request finished HTTP/1.1 GET http://localhost:5001/images/LogoLAMAMedellin.png - 200 363095 image/png 127.6706ms
info: Microsoft.EntityFrameworkCore.Database.Command[20101]
      Executed DbCommand (268ms) [Parameters=[@__startOfMonth_0='?' (DbType = DateTime2), @__startOfNextMonth_1='?' (DbType = DateTime2)], CommandType='Text', CommandTimeout='30']
      SELECT COALESCE(SUM([r].[TotalCop]), 0.0)
      FROM [Recibos] AS [r]
      WHERE [r].[FechaEmision] >= @__startOfMonth_0 AND [r].[FechaEmision] < @__startOfNextMonth_1 AND [r].[Serie] <> N'SI'
info: Microsoft.EntityFrameworkCore.Database.Command[20101]
      Executed DbCommand (151ms) [Parameters=[@__startOfLastMonth_0='?' (DbType = DateTime2), @__startOfMonth_1='?' (DbType = DateTime2)], CommandType='Text', CommandTimeout='30']
      SELECT COALESCE(SUM([r].[TotalCop]), 0.0)
      FROM [Recibos] AS [r]
      WHERE [r].[FechaEmision] >= @__startOfLastMonth_0 AND [r].[FechaEmision] < @__startOfMonth_1 AND [r].[Serie] <> N'SI'
info: Microsoft.EntityFrameworkCore.Database.Command[20101]
      Executed DbCommand (45ms) [Parameters=[@__startOfMonth_0='?' (DbType = DateTime2), @__startOfNextMonth_1='?' (DbType = DateTime2)], CommandType='Text', CommandTimeout='30']
      SELECT COALESCE(SUM([e].[ValorCop]), 0.0)
      FROM [Egresos] AS [e]
      WHERE [e].[Fecha] >= @__startOfMonth_0 AND [e].[Fecha] < @__startOfNextMonth_1
info: Microsoft.EntityFrameworkCore.Database.Command[20101]
      Executed DbCommand (151ms) [Parameters=[@__startOfLastMonth_0='?' (DbType = DateTime2), @__startOfMonth_1='?' (DbType = DateTime2)], CommandType='Text', CommandTimeout='30']
      SELECT COALESCE(SUM([e].[ValorCop]), 0.0)
      FROM [Egresos] AS [e]
      WHERE [e].[Fecha] >= @__startOfLastMonth_0 AND [e].[Fecha] < @__startOfMonth_1
info: Microsoft.EntityFrameworkCore.Database.Command[20101]
      Executed DbCommand (183ms) [Parameters=[@__startMonth_0='?' (DbType = DateTime2), @__endExclusive_1='?' (DbType = DateTime2)], CommandType='Text', CommandTimeout='30']
      SELECT [t].[Year], [t].[Month], COALESCE(SUM([t].[TotalCop]), 0.0) AS [Total]
      FROM (
          SELECT [r].[TotalCop], DATEPART(year, [r].[FechaEmision]) AS [Year], DATEPART(month, [r].[FechaEmision]) AS [Month]
          FROM [Recibos] AS [r]
          WHERE [r].[FechaEmision] >= @__startMonth_0 AND [r].[FechaEmision] < @__endExclusive_1 AND [r].[Estado] = 1 AND [r].[Serie] <> N'SI'
      ) AS [t]
      GROUP BY [t].[Year], [t].[Month]
info: Microsoft.EntityFrameworkCore.Database.Command[20101]
      Executed DbCommand (189ms) [Parameters=[@__startMonth_0='?' (DbType = DateTime2), @__endExclusive_1='?' (DbType = DateTime2)], CommandType='Text', CommandTimeout='30']
      SELECT [t].[Year], [t].[Month], COALESCE(SUM([t].[ValorCop]), 0.0) AS [Total]
      FROM (
          SELECT [e].[ValorCop], DATEPART(year, [e].[Fecha]) AS [Year], DATEPART(month, [e].[Fecha]) AS [Month]
          FROM [Egresos] AS [e]
          WHERE [e].[Fecha] >= @__startMonth_0 AND [e].[Fecha] < @__endExclusive_1
      ) AS [t]
      GROUP BY [t].[Year], [t].[Month]
info: Microsoft.EntityFrameworkCore.Database.Command[20101]
      Executed DbCommand (113ms) [Parameters=[@__p_2='?' (DbType = Int32), @__inicio_0='?' (DbType = DateTime2), @__fin_1='?' (DbType = DateTime2)], CommandType='Text', CommandTimeout='30']
      SELECT TOP(@__p_2) [c].[Nombre], [c].[Codigo], COALESCE(SUM([r].[SubtotalCop]), 0.0) AS [Total]
      FROM [ReciboItems] AS [r]
      INNER JOIN [Recibos] AS [r0] ON [r].[ReciboId] = [r0].[Id]
      INNER JOIN [Conceptos] AS [c] ON [r].[ConceptoId] = [c].[Id]
      WHERE [r0].[FechaEmision] >= @__inicio_0 AND [r0].[FechaEmision] < @__fin_1 AND [r0].[Estado] = 1 AND [r0].[Serie] <> N'SI'
      GROUP BY [c].[Nombre], [c].[Codigo]
      ORDER BY COALESCE(SUM([r].[SubtotalCop]), 0.0) DESC
info: Microsoft.AspNetCore.Hosting.Diagnostics[1]
      Request starting HTTP/1.1 GET http://localhost:5001/config/usuarios - - -
info: Microsoft.AspNetCore.OutputCaching.OutputCacheMiddleware[7]
      No cached response available for this request.
info: Microsoft.AspNetCore.Routing.EndpointMiddleware[0]
      Executing endpoint '/_Host'
info: Microsoft.AspNetCore.Mvc.RazorPages.Infrastructure.PageActionInvoker[103]
      Route matched with {page = "/_Host", action = "", controller = "", area = ""}. Executing page /_Host
info: Microsoft.AspNetCore.Mvc.RazorPages.Infrastructure.PageActionInvoker[107]
      Executing an implicit handler method - ModelState is Valid
info: Microsoft.AspNetCore.Mvc.RazorPages.Infrastructure.PageActionInvoker[109]
      Executed an implicit handler method, returned result Microsoft.AspNetCore.Mvc.RazorPages.PageResult.
info: Microsoft.AspNetCore.Mvc.RazorPages.Infrastructure.PageActionInvoker[104]
      Executed page /_Host in 13.4863ms
info: Microsoft.AspNetCore.Routing.EndpointMiddleware[1]
      Executed endpoint '/_Host'
info: Microsoft.AspNetCore.OutputCaching.OutputCacheMiddleware[8]
      The response has been cached.
info: Microsoft.AspNetCore.Hosting.Diagnostics[2]
      Request finished HTTP/1.1 GET http://localhost:5001/config/usuarios - 200 - text/html;+charset=utf-8 20.0069ms
info: Microsoft.AspNetCore.Hosting.Diagnostics[1]
      Request starting HTTP/1.1 POST http://localhost:5001/_blazor/disconnect - multipart/form-data;+boundary=----WebKitFormBoundarylzQKBXiGDgArvjoC 359
info: Microsoft.AspNetCore.Routing.EndpointMiddleware[0]
      Executing endpoint 'Blazor disconnect'
info: Microsoft.AspNetCore.Hosting.Diagnostics[1]
      Request starting HTTP/1.1 GET http://localhost:5001/_framework/blazor.server.js - - -
info: Microsoft.AspNetCore.OutputCaching.OutputCacheMiddleware[4]
      The content requested has not been modified.
info: Microsoft.AspNetCore.Hosting.Diagnostics[2]
      Request finished HTTP/1.1 GET http://localhost:5001/_framework/blazor.server.js - 304 - - 2.6824ms
info: Microsoft.AspNetCore.Routing.EndpointMiddleware[1]
      Executed endpoint '/_blazor'
info: Microsoft.AspNetCore.Hosting.Diagnostics[1]
      Request starting HTTP/1.1 GET http://localhost:5001/_blazor/initializers - - -
info: Microsoft.AspNetCore.OutputCaching.OutputCacheMiddleware[9]
      The response could not be cached for this request.
info: Microsoft.AspNetCore.Hosting.Diagnostics[2]
      Request finished HTTP/1.1 GET http://localhost:5001/_blazor?id=tDAE68Spy82-KUPulCXVZw - 101 - - 2952.9086ms
info: Microsoft.AspNetCore.OutputCaching.OutputCacheMiddleware[5]
      Serving response from cache.
info: Microsoft.AspNetCore.Hosting.Diagnostics[2]
      Request finished HTTP/1.1 GET http://localhost:5001/_blazor/initializers - 200 - application/json;+charset=utf-8 6.3642ms
info: Microsoft.AspNetCore.Hosting.Diagnostics[1]
      Request starting HTTP/1.1 POST http://localhost:5001/_blazor/negotiate?negotiateVersion=1 - - 0
info: Microsoft.AspNetCore.Routing.EndpointMiddleware[0]
      Executing endpoint '/_blazor/negotiate'
info: Microsoft.AspNetCore.Routing.EndpointMiddleware[1]
      Executed endpoint '/_blazor/negotiate'
info: Microsoft.AspNetCore.Hosting.Diagnostics[2]
      Request finished HTTP/1.1 POST http://localhost:5001/_blazor/negotiate?negotiateVersion=1 - 200 - application/json 19.5655ms
info: Microsoft.AspNetCore.Routing.EndpointMiddleware[1]
      Executed endpoint 'Blazor disconnect'
info: Microsoft.AspNetCore.Hosting.Diagnostics[2]
      Request finished HTTP/1.1 POST http://localhost:5001/_blazor/disconnect - 200 0 - 153.0468ms
info: Microsoft.AspNetCore.Hosting.Diagnostics[1]
      Request starting HTTP/1.1 GET http://localhost:5001/_blazor?id=04pRUpDUrKpsAW9s5F3jbw - - -
info: Microsoft.AspNetCore.OutputCaching.OutputCacheMiddleware[7]
      No cached response available for this request.
info: Microsoft.AspNetCore.Routing.EndpointMiddleware[0]
      Executing endpoint '/_blazor'
info: Microsoft.EntityFrameworkCore.Database.Command[20101]
      Executed DbCommand (340ms) [Parameters=[@__p_0='?' (DbType = Int32)], CommandType='Text', CommandTimeout='30']
      SELECT [t].[Id], [t].[Serie] + N'-' + CAST([t].[Ano] AS nvarchar(max)) + N'-', [t].[Consecutivo], [t].[FechaEmision], CASE
          WHEN [m].[Id] IS NOT NULL THEN [m].[NombreCompleto]
          ELSE N'N/A'
      END, [t].[TotalCop], [t].[Estado]
      FROM (
          SELECT TOP(@__p_0) [r].[Id], [r].[Ano], [r].[Consecutivo], [r].[Estado], [r].[FechaEmision], [r].[MiembroId], [r].[Serie], [r].[TotalCop]
          FROM [Recibos] AS [r]
          ORDER BY [r].[FechaEmision] DESC
      ) AS [t]
      LEFT JOIN [Miembros] AS [m] ON [t].[MiembroId] = [m].[Id]
      ORDER BY [t].[FechaEmision] DESC
info: Microsoft.EntityFrameworkCore.Database.Command[20101]
      Executed DbCommand (68ms) [Parameters=[], CommandType='Text', CommandTimeout='30']
      SELECT TOP(1) [c].[Id], [c].[Codigo], [c].[Descripcion], [c].[EsIngreso], [c].[EsRecurrente], [c].[Moneda], [c].[Nombre], [c].[Periodicidad], [c].[PrecioBase]
      FROM [Conceptos] AS [c]
      WHERE [c].[Codigo] = N'MENSUALIDAD'
info: Microsoft.EntityFrameworkCore.Database.Command[20101]
      Executed DbCommand (363ms) [Parameters=[], CommandType='Text', CommandTimeout='30']
      SELECT [m].[Id], [m].[Apellidos], [m].[Cargo], [m].[Cedula], [m].[Celular], [m].[CreatedAt], [m].[CreatedBy], [m].[DatosIncompletos], [m].[Direccion], [m].[Documento], [m].[Email], [m].[Estado], [m].[FechaIngreso], [m].[MemberNumber], [m].[NombreCompleto], [m].[Nombres], [m].[NumeroSocio], [m].[Rango], [m].[Telefono], [m].[UpdatedAt], [m].[UpdatedBy]
      FROM [Miembros] AS [m]
      WHERE [m].[Estado] = 1
info: Microsoft.EntityFrameworkCore.Database.Command[20101]
      Executed DbCommand (319ms) [Parameters=[@__mensualidad_Id_0='?' (DbType = Int32)], CommandType='Text', CommandTimeout='30']
      SELECT [r].[Id], [r].[Ano], [r].[Consecutivo], [r].[CreatedAt], [r].[CreatedBy], [r].[Estado], [r].[FechaEmision], [r].[MiembroId], [r].[Observaciones], [r].[Serie], [r].[TerceroLibre], [r].[TotalCop], [r1].[Id], [r1].[Cantidad], [r1].[ConceptoId], [r1].[MonedaOrigen], [r1].[Notas], [r1].[PrecioUnitarioMonedaOrigen], [r1].[ReciboId], [r1].[SubtotalCop], [r1].[TrmAplicada]
      FROM [Recibos] AS [r]
      LEFT JOIN [ReciboItems] AS [r1] ON [r].[Id] = [r1].[ReciboId]
      WHERE [r].[Estado] = 1 AND EXISTS (
          SELECT 1
          FROM [ReciboItems] AS [r0]
          WHERE [r].[Id] = [r0].[ReciboId] AND [r0].[ConceptoId] = @__mensualidad_Id_0)
      ORDER BY [r].[Id]
info: Microsoft.EntityFrameworkCore.Database.Command[20101]
      Executed DbCommand (6ms) [Parameters=[@__userId_0='?' (Size = 450)], CommandType='Text', CommandTimeout='30']
      SELECT TOP(1) [a].[Id], [a].[AccessFailedCount], [a].[ConcurrencyStamp], [a].[Email], [a].[EmailConfirmed], [a].[LockoutEnabled], [a].[LockoutEnd], [a].[NormalizedEmail], [a].[NormalizedUserName], [a].[PasswordHash], [a].[PhoneNumber], [a].[PhoneNumberConfirmed], [a].[SecurityStamp], [a].[TwoFactorEnabled], [a].[TwoFactorRequiredSince], [a].[UserName]
      FROM [AspNetUsers] AS [a]
      WHERE [a].[Id] = @__userId_0
info: Microsoft.EntityFrameworkCore.Database.Command[20101]
      Executed DbCommand (11ms) [Parameters=[], CommandType='Text', CommandTimeout='30']
      SELECT [a].[Name]
      FROM [AspNetRoles] AS [a]
      ORDER BY [a].[Name]
info: Microsoft.EntityFrameworkCore.Database.Command[20101]
      Executed DbCommand (2ms) [Parameters=[], CommandType='Text', CommandTimeout='30']
      SELECT [a].[Id], [a].[AccessFailedCount], [a].[ConcurrencyStamp], [a].[Email], [a].[EmailConfirmed], [a].[LockoutEnabled], [a].[LockoutEnd], [a].[NormalizedEmail], [a].[NormalizedUserName], [a].[PasswordHash], [a].[PhoneNumber], [a].[PhoneNumberConfirmed], [a].[SecurityStamp], [a].[TwoFactorEnabled], [a].[TwoFactorRequiredSince], [a].[UserName]
      FROM [AspNetUsers] AS [a]
info: Microsoft.EntityFrameworkCore.Database.Command[20101]
      Executed DbCommand (2ms) [Parameters=[], CommandType='Text', CommandTimeout='30']
      SELECT [a].[UserId], [a].[RoleId]
      FROM [AspNetUserRoles] AS [a]
info: Microsoft.EntityFrameworkCore.Database.Command[20101]
      Executed DbCommand (2ms) [Parameters=[], CommandType='Text', CommandTimeout='30']
      SELECT [a].[Id], [a].[ConcurrencyStamp], [a].[Name], [a].[NormalizedName]
      FROM [AspNetRoles] AS [a]
info: Microsoft.AspNetCore.Hosting.Diagnostics[1]
      Request starting HTTP/1.1 POST http://localhost:5001/_blazor/disconnect - multipart/form-data;+boundary=----WebKitFormBoundaryUkp1z1cdt4DGZGJp 359
info: Microsoft.AspNetCore.Routing.EndpointMiddleware[0]
      Executing endpoint 'Blazor disconnect'
info: Microsoft.AspNetCore.Routing.EndpointMiddleware[1]
      Executed endpoint 'Blazor disconnect'
info: Microsoft.AspNetCore.Hosting.Diagnostics[2]
      Request finished HTTP/1.1 POST http://localhost:5001/_blazor/disconnect - 200 0 - 38.7452ms
info: Microsoft.AspNetCore.Routing.EndpointMiddleware[1]
      Executed endpoint '/_blazor'
info: Microsoft.AspNetCore.OutputCaching.OutputCacheMiddleware[9]
      The response could not be cached for this request.
info: Microsoft.AspNetCore.Hosting.Diagnostics[2]
      Request finished HTTP/1.1 GET http://localhost:5001/_blazor?id=04pRUpDUrKpsAW9s5F3jbw - 101 - - 2096.7907ms
